<?xml version="1.0" encoding="UTF-8"?>
<!-- Generated by org.testng.reporters.JUnitXMLReporter -->
<testsuite hostname="PragManilas-MacBook.local" name="regressionOfCommonFunctions" tests="3" failures="0" timestamp="1 Feb 2016 13:28:13 GMT" time="0.063" errors="0">
  <testcase name="f" time="0.014" classname="Tests.Login"/>
  <testcase name="f" time="0.001" classname="Tests.Login"/>
  <testcase name="firstTestCase" time="0.001" classname="Tests.Login"/>
</testsuite> <!-- regressionOfCommonFunctions -->
