<?xml version="1.0" encoding="UTF-8"?>
<testng-results skipped="0" failed="0" total="1" passed="1">
  <reporter-output>
  </reporter-output>
  <suite name="commonFunctionTests" duration-ms="20465" started-at="2016-02-02T14:57:56Z" finished-at="2016-02-02T14:58:16Z">
    <groups>
    </groups>
    <test name="regressionOfCommonFunctions" duration-ms="20465" started-at="2016-02-02T14:57:56Z" finished-at="2016-02-02T14:58:16Z">
      <class name="stg.angloinfo.tests.TestObjectA">
        <test-method status="PASS" signature="initializeBestTest(java.lang.String, java.lang.String)[pri:0, instance:stg.angloinfo.tests.TestObjectA@61a52fbd]" name="initializeBestTest" is-config="true" duration-ms="14271" started-at="2016-02-02T22:57:56Z" finished-at="2016-02-02T22:58:10Z">
          <params>
            <param index="0">
              <value>
                <![CDATA[firefox]]>
              </value>
            </param>
            <param index="1">
              <value>
                <![CDATA[http://stg.angloinfo.com/]]>
              </value>
            </param>
          </params>
          <reporter-output>
          </reporter-output>
        </test-method> <!-- initializeBestTest -->
        <test-method status="PASS" signature="TestAction(java.lang.String, java.lang.String)[pri:0, instance:stg.angloinfo.tests.TestObjectA@61a52fbd]" name="TestAction" duration-ms="6164" started-at="2016-02-02T22:58:10Z" data-provider="dp" finished-at="2016-02-02T22:58:16Z">
          <params>
            <param index="0">
              <value>
                <![CDATA[eliazertest+5@gmail.com]]>
              </value>
            </param>
            <param index="1">
              <value>
                <![CDATA[Ai1234567]]>
              </value>
            </param>
          </params>
          <reporter-output>
          </reporter-output>
        </test-method> <!-- TestAction -->
      </class> <!-- stg.angloinfo.tests.TestObjectA -->
    </test> <!-- regressionOfCommonFunctions -->
  </suite> <!-- commonFunctionTests -->
</testng-results>
